{
  "stats": {
    "suites": 3,
    "tests": 5,
    "passes": 5,
    "pending": 0,
    "failures": 0,
    "start": "2026-05-18T17:08:40.150Z",
    "end": "2026-05-18T17:08:42.547Z",
    "duration": 2397,
    "testsRegistered": 5,
    "passPercent": 100,
    "pendingPercent": 0,
    "other": 0,
    "hasOther": false,
    "skipped": 0,
    "hasSkipped": false
  },
  "results": [
    {
      "uuid": "87115adc-550a-4ff7-85de-adc6bb4ca06e",
      "title": "",
      "fullFile": "",
      "file": "",
      "beforeHooks": [],
      "afterHooks": [],
      "tests": [],
      "suites": [
        {
          "uuid": "fd43499a-ff55-417f-9704-42a8511c8c06",
          "title": "Categorias API",
          "fullFile": "C:\\Users\\djoao\\Desktop\\repositorio\\modulo24-api-tests\\tests\\categories.spec.js",
          "file": "\\tests\\categories.spec.js",
          "beforeHooks": [],
          "afterHooks": [],
          "tests": [
            {
              "title": "Listar categorias",
              "fullTitle": "Categorias API Listar categorias",
              "timedOut": false,
              "duration": 604,
              "state": "passed",
              "speed": "slow",
              "pass": true,
              "fail": false,
              "pending": false,
              "context": null,
              "code": "await pactum.spec()\n      .get('https://fakestoreapi.com/products/categories')\n      .expectStatus(200);",
              "err": {},
              "uuid": "155fa9f9-6caa-488d-8544-28c310621102",
              "parentUUID": "fd43499a-ff55-417f-9704-42a8511c8c06",
              "isHook": false,
              "skipped": false
            }
          ],
          "suites": [],
          "passes": [
            "155fa9f9-6caa-488d-8544-28c310621102"
          ],
          "failures": [],
          "pending": [],
          "skipped": [],
          "duration": 604,
          "root": false,
          "rootEmpty": false,
          "_timeout": 10000
        },
        {
          "uuid": "71e405bf-ee4f-4502-ba1a-706bfe3d26bb",
          "title": "Contrato Produto",
          "fullFile": "C:\\Users\\djoao\\Desktop\\repositorio\\modulo24-api-tests\\tests\\contracts.spec.js",
          "file": "\\tests\\contracts.spec.js",
          "beforeHooks": [],
          "afterHooks": [],
          "tests": [
            {
              "title": "Validar contrato do produto",
              "fullTitle": "Contrato Produto Validar contrato do produto",
              "timedOut": false,
              "duration": 558,
              "state": "passed",
              "speed": "slow",
              "pass": true,
              "fail": false,
              "pending": false,
              "context": null,
              "code": "await pactum.spec()\n      .get('https://fakestoreapi.com/products/1')\n      .expectStatus(200)\n      .expectJsonMatch({\n        id: like(1),\n        title: like('Produto'),\n        price: like(100),\n        description: like('Descricao'),\n        category: like('Categoria'),\n        image: like('Imagem')\n      });",
              "err": {},
              "uuid": "8076d43c-15a3-4b9f-bb4a-8560d266eb5a",
              "parentUUID": "71e405bf-ee4f-4502-ba1a-706bfe3d26bb",
              "isHook": false,
              "skipped": false
            }
          ],
          "suites": [],
          "passes": [
            "8076d43c-15a3-4b9f-bb4a-8560d266eb5a"
          ],
          "failures": [],
          "pending": [],
          "skipped": [],
          "duration": 558,
          "root": false,
          "rootEmpty": false,
          "_timeout": 10000
        },
        {
          "uuid": "86bba011-b46a-494e-8702-608c7353e192",
          "title": "Produtos API",
          "fullFile": "C:\\Users\\djoao\\Desktop\\repositorio\\modulo24-api-tests\\tests\\products.spec.js",
          "file": "\\tests\\products.spec.js",
          "beforeHooks": [],
          "afterHooks": [],
          "tests": [
            {
              "title": "Adicionar produto",
              "fullTitle": "Produtos API Adicionar produto",
              "timedOut": false,
              "duration": 339,
              "state": "passed",
              "speed": "slow",
              "pass": true,
              "fail": false,
              "pending": false,
              "context": null,
              "code": "await pactum.spec()\n      .post(`${process.env.BASE_URL}/products`)\n      .withJson({\n        title: 'Notebook Gamer',\n        price: 5000\n      })\n      .expectStatus(201);",
              "err": {},
              "uuid": "58a71ae7-e7d5-4d21-8bb9-fe2ea6833345",
              "parentUUID": "86bba011-b46a-494e-8702-608c7353e192",
              "isHook": false,
              "skipped": false
            },
            {
              "title": "Editar produto",
              "fullTitle": "Produtos API Editar produto",
              "timedOut": false,
              "duration": 464,
              "state": "passed",
              "speed": "slow",
              "pass": true,
              "fail": false,
              "pending": false,
              "context": null,
              "code": "await pactum.spec()\n      .put(`${process.env.BASE_URL}/products/1`)\n      .withJson({\n        title: 'Notebook Editado',\n        price: 4500\n      })\n      .expectStatus(200);",
              "err": {},
              "uuid": "0dbc8218-246d-4239-907d-9e63b91d0bf9",
              "parentUUID": "86bba011-b46a-494e-8702-608c7353e192",
              "isHook": false,
              "skipped": false
            },
            {
              "title": "Deletar produto",
              "fullTitle": "Produtos API Deletar produto",
              "timedOut": false,
              "duration": 404,
              "state": "passed",
              "speed": "slow",
              "pass": true,
              "fail": false,
              "pending": false,
              "context": null,
              "code": "await pactum.spec()\n      .delete(`${process.env.BASE_URL}/products/1`)\n      .expectStatus(200);",
              "err": {},
              "uuid": "a5f2c5f8-012a-4da0-ab7b-e2ea21aac146",
              "parentUUID": "86bba011-b46a-494e-8702-608c7353e192",
              "isHook": false,
              "skipped": false
            }
          ],
          "suites": [],
          "passes": [
            "58a71ae7-e7d5-4d21-8bb9-fe2ea6833345",
            "0dbc8218-246d-4239-907d-9e63b91d0bf9",
            "a5f2c5f8-012a-4da0-ab7b-e2ea21aac146"
          ],
          "failures": [],
          "pending": [],
          "skipped": [],
          "duration": 1207,
          "root": false,
          "rootEmpty": false,
          "_timeout": 10000
        }
      ],
      "passes": [],
      "failures": [],
      "pending": [],
      "skipped": [],
      "duration": 0,
      "root": true,
      "rootEmpty": true,
      "_timeout": 10000
    }
  ],
  "meta": {
    "mocha": {
      "version": "11.3.0"
    },
    "mochawesome": {
      "options": {
        "quiet": false,
        "reportFilename": "mochawesome",
        "saveHtml": true,
        "saveJson": true,
        "consoleReporter": "spec",
        "useInlineDiffs": false,
        "code": true
      },
      "version": "7.1.4"
    },
    "marge": {
      "options": null,
      "version": "6.3.2"
    }
  }
}