{
  "stats": {
    "suites": 3,
    "tests": 5,
    "passes": 5,
    "pending": 0,
    "failures": 0,
    "start": "2026-05-19T19:32:15.944Z",
    "end": "2026-05-19T19:32:17.864Z",
    "duration": 1920,
    "testsRegistered": 5,
    "passPercent": 100,
    "pendingPercent": 0,
    "other": 0,
    "hasOther": false,
    "skipped": 0,
    "hasSkipped": false
  },
  "results": [
    {
      "uuid": "72f95018-3543-4976-809b-e0e0f9a1e03e",
      "title": "",
      "fullFile": "",
      "file": "",
      "beforeHooks": [],
      "afterHooks": [],
      "tests": [],
      "suites": [
        {
          "uuid": "4eb9938f-9bd7-41ac-a7ac-1980d7c9b55b",
          "title": "Categorias API",
          "fullFile": "C:\\Users\\djoao\\Desktop\\repositorio\\modulo24-api-tests\\tests\\categories.spec.js",
          "file": "\\tests\\categories.spec.js",
          "beforeHooks": [],
          "afterHooks": [],
          "tests": [
            {
              "title": "Listar categorias",
              "fullTitle": "Categorias API Listar categorias",
              "timedOut": false,
              "duration": 970,
              "state": "passed",
              "speed": "slow",
              "pass": true,
              "fail": false,
              "pending": false,
              "context": null,
              "code": "await pactum.spec()\n      .get('https://fakestoreapi.com/products/categories')\n      .expectStatus(200);",
              "err": {},
              "uuid": "2e8b45e4-ffde-419e-9f7f-f91cb1048709",
              "parentUUID": "4eb9938f-9bd7-41ac-a7ac-1980d7c9b55b",
              "isHook": false,
              "skipped": false
            }
          ],
          "suites": [],
          "passes": [
            "2e8b45e4-ffde-419e-9f7f-f91cb1048709"
          ],
          "failures": [],
          "pending": [],
          "skipped": [],
          "duration": 970,
          "root": false,
          "rootEmpty": false,
          "_timeout": 10000
        },
        {
          "uuid": "441d70a7-8a80-4d54-8d89-0d72395bdfe5",
          "title": "Contrato Produto",
          "fullFile": "C:\\Users\\djoao\\Desktop\\repositorio\\modulo24-api-tests\\tests\\contracts.spec.js",
          "file": "\\tests\\contracts.spec.js",
          "beforeHooks": [],
          "afterHooks": [],
          "tests": [
            {
              "title": "Validar contrato do produto",
              "fullTitle": "Contrato Produto Validar contrato do produto",
              "timedOut": false,
              "duration": 239,
              "state": "passed",
              "speed": "slow",
              "pass": true,
              "fail": false,
              "pending": false,
              "context": null,
              "code": "await pactum.spec()\n      .get('https://fakestoreapi.com/products/1')\n      .expectStatus(200)\n      .expectJsonMatch({\n        id: like(1),\n        title: like('Produto'),\n        price: like(100),\n        description: like('Descricao'),\n        category: like('Categoria'),\n        image: like('Imagem')\n      });",
              "err": {},
              "uuid": "e57f030e-5109-44db-a81b-0dc62049d8aa",
              "parentUUID": "441d70a7-8a80-4d54-8d89-0d72395bdfe5",
              "isHook": false,
              "skipped": false
            }
          ],
          "suites": [],
          "passes": [
            "e57f030e-5109-44db-a81b-0dc62049d8aa"
          ],
          "failures": [],
          "pending": [],
          "skipped": [],
          "duration": 239,
          "root": false,
          "rootEmpty": false,
          "_timeout": 10000
        },
        {
          "uuid": "d6b92d5e-2e76-4514-bb40-02f3c84121a9",
          "title": "Produtos API",
          "fullFile": "C:\\Users\\djoao\\Desktop\\repositorio\\modulo24-api-tests\\tests\\products.spec.js",
          "file": "\\tests\\products.spec.js",
          "beforeHooks": [],
          "afterHooks": [],
          "tests": [
            {
              "title": "Adicionar produto",
              "fullTitle": "Produtos API Adicionar produto",
              "timedOut": false,
              "duration": 237,
              "state": "passed",
              "speed": "slow",
              "pass": true,
              "fail": false,
              "pending": false,
              "context": null,
              "code": "await pactum.spec()\n      .post(`${process.env.BASE_URL}/products`)\n      .withJson({\n        title: 'Notebook Gamer',\n        price: 5000\n      })\n      .expectStatus(201);",
              "err": {},
              "uuid": "4aefad89-178d-461c-b316-14de8dfb9642",
              "parentUUID": "d6b92d5e-2e76-4514-bb40-02f3c84121a9",
              "isHook": false,
              "skipped": false
            },
            {
              "title": "Editar produto",
              "fullTitle": "Produtos API Editar produto",
              "timedOut": false,
              "duration": 235,
              "state": "passed",
              "speed": "slow",
              "pass": true,
              "fail": false,
              "pending": false,
              "context": null,
              "code": "await pactum.spec()\n      .put(`${process.env.BASE_URL}/products/1`)\n      .withJson({\n        title: 'Notebook Editado',\n        price: 4500\n      })\n      .expectStatus(200);",
              "err": {},
              "uuid": "d46d8a53-138d-427c-9a01-e764aaf441c8",
              "parentUUID": "d6b92d5e-2e76-4514-bb40-02f3c84121a9",
              "isHook": false,
              "skipped": false
            },
            {
              "title": "Deletar produto",
              "fullTitle": "Produtos API Deletar produto",
              "timedOut": false,
              "duration": 234,
              "state": "passed",
              "speed": "slow",
              "pass": true,
              "fail": false,
              "pending": false,
              "context": null,
              "code": "await pactum.spec()\n      .delete(`${process.env.BASE_URL}/products/1`)\n      .expectStatus(200);",
              "err": {},
              "uuid": "52e23ed8-a67d-4485-8f64-efb7b002941f",
              "parentUUID": "d6b92d5e-2e76-4514-bb40-02f3c84121a9",
              "isHook": false,
              "skipped": false
            }
          ],
          "suites": [],
          "passes": [
            "4aefad89-178d-461c-b316-14de8dfb9642",
            "d46d8a53-138d-427c-9a01-e764aaf441c8",
            "52e23ed8-a67d-4485-8f64-efb7b002941f"
          ],
          "failures": [],
          "pending": [],
          "skipped": [],
          "duration": 706,
          "root": false,
          "rootEmpty": false,
          "_timeout": 10000
        }
      ],
      "passes": [],
      "failures": [],
      "pending": [],
      "skipped": [],
      "duration": 0,
      "root": true,
      "rootEmpty": true,
      "_timeout": 10000
    }
  ],
  "meta": {
    "mocha": {
      "version": "11.7.5"
    },
    "mochawesome": {
      "options": {
        "quiet": false,
        "reportFilename": "mochawesome",
        "saveHtml": true,
        "saveJson": true,
        "consoleReporter": "spec",
        "useInlineDiffs": false,
        "code": true
      },
      "version": "7.1.4"
    },
    "marge": {
      "options": null,
      "version": "6.3.2"
    }
  }
}